<?xml version="1.0" encoding="UTF-8"?>
<testng-results ignored="0" total="1" passed="1" failed="0" skipped="0">
  <reporter-output>
  </reporter-output>
  <suite started-at="2022-11-29T14:38:49 EST" name="Suite" finished-at="2022-11-29T14:38:58 EST" duration-ms="8865">
    <groups>
    </groups>
    <test started-at="2022-11-29T14:38:49 EST" name="Test" finished-at="2022-11-29T14:38:58 EST" duration-ms="8865">
      <class name="Org.Test.SeleniumOpenBrowser.openBrowser">
        <test-method signature="open_browser()[pri:0, instance:Org.Test.SeleniumOpenBrowser.openBrowser@5ba3f27a]" started-at="2022-11-29T14:38:49 EST" name="open_browser" finished-at="2022-11-29T14:38:58 EST" duration-ms="8823" status="PASS">
          <reporter-output>
          </reporter-output>
        </test-method> <!-- open_browser -->
      </class> <!-- Org.Test.SeleniumOpenBrowser.openBrowser -->
    </test> <!-- Test -->
  </suite> <!-- Suite -->
</testng-results>
